<?xml version="1.0" encoding="UTF-8"?>
<!-- Generated by org.testng.reporters.JUnitReportReporter -->
<testsuite hostname="DESKTOP-O78VITR" failures="0" tests="11" name="mi.app.selenium.tsd.MyStoreTest" time="274.436" errors="0" timestamp="2021-04-05T18:27:15 CDT" skipped="0">
  <testcase classname="mi.app.selenium.tsd.MyStoreTest" name="addCart" time="24.806"/>
  <system-out/>
  <testcase classname="mi.app.selenium.tsd.MyStoreTest" name="purchaseCheck" time="31.833"/>
  <system-out/>
  <testcase classname="mi.app.selenium.tsd.MyStoreTest" name="wrognSignInPasswd" time="13.284"/>
  <system-out/>
  <testcase classname="mi.app.selenium.tsd.MyStoreTest" name="purchaseFromCartCheck" time="34.110"/>
  <system-out/>
  <testcase classname="mi.app.selenium.tsd.MyStoreTest" name="sendWishList" time="23.971"/>
  <system-out/>
  <testcase classname="mi.app.selenium.tsd.MyStoreTest" name="addToWishList" time="25.103"/>
  <system-out/>
  <testcase classname="mi.app.selenium.tsd.MyStoreTest" name="happySignIn" time="14.541"/>
  <system-out/>
  <testcase classname="mi.app.selenium.tsd.MyStoreTest" name="createAccountUser" time="18.670"/>
  <system-out/>
  <testcase classname="mi.app.selenium.tsd.MyStoreTest" name="purchaseFromCartTDC" time="38.975"/>
  <system-out/>
  <testcase classname="mi.app.selenium.tsd.MyStoreTest" name="wrongSignInEmail" time="14.872"/>
  <system-out/>
  <testcase classname="mi.app.selenium.tsd.MyStoreTest" name="purchaseTDC" time="34.271"/>
  <system-out/>
</testsuite> <!-- mi.app.selenium.tsd.MyStoreTest -->
