<?xml version="1.0" encoding="UTF-8"?>
<!-- Generated by org.testng.reporters.JUnitReportReporter -->
<testsuite hostname="DESKTOP-O78VITR" failures="0" tests="1" name="mi.app.selenium.tsd.MyStoreTest" time="17.535" errors="0" timestamp="2021-04-02T16:15:19 CST" skipped="0">
  <testcase classname="mi.app.selenium.tsd.MyStoreTest" name="createRopaAccount" time="17.535"/>
  <system-out/>
</testsuite> <!-- mi.app.selenium.tsd.MyStoreTest -->
