<?xml version="1.0" encoding="UTF-8"?>
<!-- Generated by org.testng.reporters.JUnitReportReporter -->
<testsuite skipped="0" hostname="DESKTOP-O78VITR" name="mi.app.selenium.tsd.MiRopaTest" tests="1" failures="0" timestamp="2021-03-30T15:47:05 CST" time="38.133" errors="0">
  <testcase name="createRopaAccount" time="38.133" classname="mi.app.selenium.tsd.MiRopaTest"/>
  <system-out/>
</testsuite> <!-- mi.app.selenium.tsd.MiRopaTest -->
