<?xml version="1.0" encoding="UTF-8"?>
<!-- Generated by org.testng.reporters.JUnitReportReporter -->
<testsuite hostname="DESKTOP-O78VITR" failures="0" tests="1" name="mi.app.selenium.tsd.MiRopaTest" time="33.177" errors="0" timestamp="2021-03-30T16:24:56 CST" skipped="0">
  <testcase classname="mi.app.selenium.tsd.MiRopaTest" name="createRopaAccount" time="33.177"/>
  <system-out/>
</testsuite> <!-- mi.app.selenium.tsd.MiRopaTest -->
